{"synthetic": false,
 "schemaVersion": "2025-09-10",
 "outputs":
 {"o": ["4f8b88782697116d.olean"],
  "i": "ed5104a3e694cccb.ilean",
  "c": "a3f8dda2c840fb6c.c"},
 "log":
 [{"message":
   ".> LEAN_PATH=/Users/mdouglas/Documents/GitHub/GFF/.lake/packages/Cli/.lake/build/lib/lean:/Users/mdouglas/Documents/GitHub/GFF/.lake/packages/batteries/.lake/build/lib/lean:/Users/mdouglas/Documents/GitHub/GFF/.lake/packages/Qq/.lake/build/lib/lean:/Users/mdouglas/Documents/GitHub/GFF/.lake/packages/aesop/.lake/build/lib/lean:/Users/mdouglas/Documents/GitHub/GFF/.lake/packages/proofwidgets/.lake/build/lib/lean:/Users/mdouglas/Documents/GitHub/GFF/.lake/packages/importGraph/.lake/build/lib/lean:/Users/mdouglas/Documents/GitHub/GFF/.lake/packages/LeanSearchClient/.lake/build/lib/lean:/Users/mdouglas/Documents/GitHub/GFF/.lake/packages/plausible/.lake/build/lib/lean:/Users/mdouglas/Documents/GitHub/GFF/.lake/packages/mathlib/.lake/build/lib/lean:/Users/mdouglas/Documents/GitHub/GFF/.lake/packages/GaussianField/.lake/build/lib/lean:/Users/mdouglas/Documents/GitHub/GFF/.lake/packages/QFTFramework/.lake/build/lib/lean:/Users/mdouglas/Documents/GitHub/GFF/.lake/build/lib/lean /Users/mdouglas/.elan/toolchains/leanprover--lean4---v4.28.0/bin/lean /Users/mdouglas/Documents/GitHub/GFF/GFF/GFFConstruction.lean -o /Users/mdouglas/Documents/GitHub/GFF/.lake/build/lib/lean/GFF/GFFConstruction.olean -i /Users/mdouglas/Documents/GitHub/GFF/.lake/build/lib/lean/GFF/GFFConstruction.ilean -c /Users/mdouglas/Documents/GitHub/GFF/.lake/build/ir/GFF/GFFConstruction.c --setup /Users/mdouglas/Documents/GitHub/GFF/.lake/build/ir/GFF/GFFConstruction.setup.json --json",
   "level": "trace"},
  {"message": "GFF/GFFConstruction.lean:43:4: declaration uses `sorry`",
   "level": "warning"},
  {"message": "GFF/GFFConstruction.lean:43:4: declaration uses `sorry`",
   "level": "warning"},
  {"message": "GFF/GFFConstruction.lean:61:4: declaration uses `sorry`",
   "level": "warning"},
  {"message": "GFF/GFFConstruction.lean:61:4: declaration uses `sorry`",
   "level": "warning"}],
 "inputs":
 [["GFF.GFFConstruction:deps",
   [["deps",
     [["GFF/GFF:extraDep", [["@GFF:extraDep", "00000000000006bb"]]],
      ["imports",
       [["GFF.SpacetimeInstances transitive imports (legacy)",
         "4f4b58cfb2795c46"],
        ["GFF.SpacetimeInstances:importAllArts", "b73c76c92e37b452"]]]]],
    ["libs",
     [["import dynlibs", "00000000000006bb"],
      ["package external libraries", "00000000000006bb"],
      ["module dynlibs", "00000000000006bb"],
      ["module plugins", "00000000000006bb"]]]]],
  ["Lean 4.28.0, commit 7e01a1bf5c70fc6167d49c345d3bf80596e9a79b",
   "a96bc04a2e5e9630"],
  ["/Users/mdouglas/Documents/GitHub/GFF/GFF/GFFConstruction.lean",
   "0a06a3266169e37c"],
  ["options", [["-Dpp.unicode.fun=true", "9b94070140457fab"]]],
  ["Module.leanArgs: #[]", "00000000000006bb"]],
 "depHash": "ef5ef050d200ba13"}