{"synthetic": false,
 "schemaVersion": "2025-09-10",
 "outputs":
 {"o": ["450d1368c9ea0e0f.olean"],
  "i": "a202f6dada033525.ilean",
  "c": "f2cf54a20b65d800.c"},
 "log":
 [{"message":
   ".> LEAN_PATH=/Users/mdouglas/Documents/GitHub/GFF/.lake/packages/Cli/.lake/build/lib/lean:/Users/mdouglas/Documents/GitHub/GFF/.lake/packages/batteries/.lake/build/lib/lean:/Users/mdouglas/Documents/GitHub/GFF/.lake/packages/Qq/.lake/build/lib/lean:/Users/mdouglas/Documents/GitHub/GFF/.lake/packages/aesop/.lake/build/lib/lean:/Users/mdouglas/Documents/GitHub/GFF/.lake/packages/proofwidgets/.lake/build/lib/lean:/Users/mdouglas/Documents/GitHub/GFF/.lake/packages/importGraph/.lake/build/lib/lean:/Users/mdouglas/Documents/GitHub/GFF/.lake/packages/LeanSearchClient/.lake/build/lib/lean:/Users/mdouglas/Documents/GitHub/GFF/.lake/packages/plausible/.lake/build/lib/lean:/Users/mdouglas/Documents/GitHub/GFF/.lake/packages/mathlib/.lake/build/lib/lean:/Users/mdouglas/Documents/GitHub/GFF/.lake/packages/GaussianField/.lake/build/lib/lean:/Users/mdouglas/Documents/GitHub/GFF/.lake/packages/QFTFramework/.lake/build/lib/lean:/Users/mdouglas/Documents/GitHub/GFF/.lake/build/lib/lean /Users/mdouglas/.elan/toolchains/leanprover--lean4---v4.28.0/bin/lean /Users/mdouglas/Documents/GitHub/GFF/GFF/OSVerification.lean -o /Users/mdouglas/Documents/GitHub/GFF/.lake/build/lib/lean/GFF/OSVerification.olean -i /Users/mdouglas/Documents/GitHub/GFF/.lake/build/lib/lean/GFF/OSVerification.ilean -c /Users/mdouglas/Documents/GitHub/GFF/.lake/build/ir/GFF/OSVerification.c --setup /Users/mdouglas/Documents/GitHub/GFF/.lake/build/ir/GFF/OSVerification.setup.json --json",
   "level": "trace"},
  {"message": "GFF/OSVerification.lean:32:4: declaration uses `sorry`",
   "level": "warning"},
  {"message": "GFF/OSVerification.lean:32:4: declaration uses `sorry`",
   "level": "warning"},
  {"message": "GFF/OSVerification.lean:32:4: declaration uses `sorry`",
   "level": "warning"},
  {"message": "GFF/OSVerification.lean:32:4: declaration uses `sorry`",
   "level": "warning"},
  {"message": "GFF/OSVerification.lean:32:4: declaration uses `sorry`",
   "level": "warning"},
  {"message": "GFF/OSVerification.lean:32:4: declaration uses `sorry`",
   "level": "warning"},
  {"message": "GFF/OSVerification.lean:32:4: declaration uses `sorry`",
   "level": "warning"},
  {"message": "GFF/OSVerification.lean:49:4: declaration uses `sorry`",
   "level": "warning"},
  {"message": "GFF/OSVerification.lean:49:4: declaration uses `sorry`",
   "level": "warning"},
  {"message": "GFF/OSVerification.lean:49:4: declaration uses `sorry`",
   "level": "warning"},
  {"message": "GFF/OSVerification.lean:49:4: declaration uses `sorry`",
   "level": "warning"},
  {"message": "GFF/OSVerification.lean:49:4: declaration uses `sorry`",
   "level": "warning"},
  {"message": "GFF/OSVerification.lean:49:4: declaration uses `sorry`",
   "level": "warning"},
  {"message": "GFF/OSVerification.lean:49:4: declaration uses `sorry`",
   "level": "warning"}],
 "inputs":
 [["GFF.OSVerification:deps",
   [["deps",
     [["GFF/GFF:extraDep", [["@GFF:extraDep", "00000000000006bb"]]],
      ["imports",
       [["GFF.GFFConstruction transitive imports (legacy)", "5ba0567014068e10"],
        ["GFF.GFFConstruction:importAllArts", "8da3bb4963cf6113"]]]]],
    ["libs",
     [["import dynlibs", "00000000000006bb"],
      ["package external libraries", "00000000000006bb"],
      ["module dynlibs", "00000000000006bb"],
      ["module plugins", "00000000000006bb"]]]]],
  ["Lean 4.28.0, commit 7e01a1bf5c70fc6167d49c345d3bf80596e9a79b",
   "a96bc04a2e5e9630"],
  ["/Users/mdouglas/Documents/GitHub/GFF/GFF/OSVerification.lean",
   "aa1fd62b2730371b"],
  ["options", [["-Dpp.unicode.fun=true", "9b94070140457fab"]]],
  ["Module.leanArgs: #[]", "00000000000006bb"]],
 "depHash": "a7c20e8656765d30"}