{"synthetic": false,
 "schemaVersion": "2025-09-10",
 "outputs":
 {"o": ["bd641ad86e8c8a0f.olean"],
  "i": "83d346497b22d7e9.ilean",
  "c": "374f26d7681537aa.c"},
 "log":
 [{"message":
   ".> LEAN_PATH=/Users/mdouglas/Documents/GitHub/GFF/.lake/packages/Cli/.lake/build/lib/lean:/Users/mdouglas/Documents/GitHub/GFF/.lake/packages/batteries/.lake/build/lib/lean:/Users/mdouglas/Documents/GitHub/GFF/.lake/packages/Qq/.lake/build/lib/lean:/Users/mdouglas/Documents/GitHub/GFF/.lake/packages/aesop/.lake/build/lib/lean:/Users/mdouglas/Documents/GitHub/GFF/.lake/packages/proofwidgets/.lake/build/lib/lean:/Users/mdouglas/Documents/GitHub/GFF/.lake/packages/importGraph/.lake/build/lib/lean:/Users/mdouglas/Documents/GitHub/GFF/.lake/packages/LeanSearchClient/.lake/build/lib/lean:/Users/mdouglas/Documents/GitHub/GFF/.lake/packages/plausible/.lake/build/lib/lean:/Users/mdouglas/Documents/GitHub/GFF/.lake/packages/mathlib/.lake/build/lib/lean:/Users/mdouglas/Documents/GitHub/GFF/.lake/packages/GaussianField/.lake/build/lib/lean:/Users/mdouglas/Documents/GitHub/GFF/.lake/packages/QFTFramework/.lake/build/lib/lean:/Users/mdouglas/Documents/GitHub/GFF/.lake/build/lib/lean /Users/mdouglas/.elan/toolchains/leanprover--lean4---v4.28.0/bin/lean /Users/mdouglas/Documents/GitHub/GFF/GFF/SpacetimeInstances.lean -o /Users/mdouglas/Documents/GitHub/GFF/.lake/build/lib/lean/GFF/SpacetimeInstances.olean -i /Users/mdouglas/Documents/GitHub/GFF/.lake/build/lib/lean/GFF/SpacetimeInstances.ilean -c /Users/mdouglas/Documents/GitHub/GFF/.lake/build/ir/GFF/SpacetimeInstances.c --setup /Users/mdouglas/Documents/GitHub/GFF/.lake/build/ir/GFF/SpacetimeInstances.setup.json --json",
   "level": "trace"},
  {"message": "GFF/SpacetimeInstances.lean:44:4: declaration uses `sorry`",
   "level": "warning"},
  {"message": "GFF/SpacetimeInstances.lean:44:4: declaration uses `sorry`",
   "level": "warning"},
  {"message": "GFF/SpacetimeInstances.lean:79:4: declaration uses `sorry`",
   "level": "warning"},
  {"message": "GFF/SpacetimeInstances.lean:79:4: declaration uses `sorry`",
   "level": "warning"}],
 "inputs":
 [["GFF.SpacetimeInstances:deps",
   [["deps",
     [["GFF/GFF:extraDep", [["@GFF:extraDep", "00000000000006bb"]]],
      ["imports",
       [["QFTFramework transitive imports (legacy)", "b83ff9c6ae81f928"],
        ["QFTFramework:importAllArts", "c72b340b1146f48e"],
        ["GaussianField transitive imports (legacy)", "cbe6f4dcbe2048ed"],
        ["GaussianField:importAllArts", "a0874a5c5a3c27fa"],
        ["SmoothCircle transitive imports (legacy)", "ca3f7fcf4b7063eb"],
        ["SmoothCircle:importAllArts", "2de775a0a281884a"],
        ["HeatKernel transitive imports (legacy)", "0bca056a4f287347"],
        ["HeatKernel:importAllArts", "bc3ff8e9ad5c1da5"]]]]],
    ["libs",
     [["import dynlibs", "00000000000006bb"],
      ["package external libraries", "00000000000006bb"],
      ["module dynlibs", "00000000000006bb"],
      ["module plugins", "00000000000006bb"]]]]],
  ["Lean 4.28.0, commit 7e01a1bf5c70fc6167d49c345d3bf80596e9a79b",
   "a96bc04a2e5e9630"],
  ["/Users/mdouglas/Documents/GitHub/GFF/GFF/SpacetimeInstances.lean",
   "aa0736ed8e5592fd"],
  ["options", [["-Dpp.unicode.fun=true", "9b94070140457fab"]]],
  ["Module.leanArgs: #[]", "00000000000006bb"]],
 "depHash": "bc7d1074877472df"}