{"synthetic": false,
 "schemaVersion": "2025-09-10",
 "outputs":
 {"o": ["f8dadc6739163db6.olean"],
  "i": "4d8a37abaa931d4a.ilean",
  "c": "e3609ae4f736fd5f.c"},
 "log":
 [{"message":
   ".> LEAN_PATH=/Users/mdouglas/Documents/GitHub/GFF/.lake/packages/Cli/.lake/build/lib/lean:/Users/mdouglas/Documents/GitHub/GFF/.lake/packages/batteries/.lake/build/lib/lean:/Users/mdouglas/Documents/GitHub/GFF/.lake/packages/Qq/.lake/build/lib/lean:/Users/mdouglas/Documents/GitHub/GFF/.lake/packages/aesop/.lake/build/lib/lean:/Users/mdouglas/Documents/GitHub/GFF/.lake/packages/proofwidgets/.lake/build/lib/lean:/Users/mdouglas/Documents/GitHub/GFF/.lake/packages/importGraph/.lake/build/lib/lean:/Users/mdouglas/Documents/GitHub/GFF/.lake/packages/LeanSearchClient/.lake/build/lib/lean:/Users/mdouglas/Documents/GitHub/GFF/.lake/packages/plausible/.lake/build/lib/lean:/Users/mdouglas/Documents/GitHub/GFF/.lake/packages/mathlib/.lake/build/lib/lean:/Users/mdouglas/Documents/GitHub/GFF/.lake/packages/GaussianField/.lake/build/lib/lean:/Users/mdouglas/Documents/GitHub/GFF/.lake/packages/QFTFramework/.lake/build/lib/lean:/Users/mdouglas/Documents/GitHub/GFF/.lake/build/lib/lean /Users/mdouglas/.elan/toolchains/leanprover--lean4---v4.28.0/bin/lean /Users/mdouglas/Documents/GitHub/GFF/GFF.lean -o /Users/mdouglas/Documents/GitHub/GFF/.lake/build/lib/lean/GFF.olean -i /Users/mdouglas/Documents/GitHub/GFF/.lake/build/lib/lean/GFF.ilean -c /Users/mdouglas/Documents/GitHub/GFF/.lake/build/ir/GFF.c --setup /Users/mdouglas/Documents/GitHub/GFF/.lake/build/ir/GFF.setup.json --json",
   "level": "trace"}],
 "inputs":
 [["GFF:deps",
   [["deps",
     [["GFF/GFF:extraDep", [["@GFF:extraDep", "00000000000006bb"]]],
      ["imports",
       [["GFF.SpacetimeInstances transitive imports (legacy)",
         "4f4b58cfb2795c46"],
        ["GFF.SpacetimeInstances:importAllArts", "b73c76c92e37b452"],
        ["GFF.GFFConstruction transitive imports (legacy)", "5ba0567014068e10"],
        ["GFF.GFFConstruction:importAllArts", "8da3bb4963cf6113"],
        ["GFF.OSVerification transitive imports (legacy)", "e062ed2b90d1d838"],
        ["GFF.OSVerification:importAllArts", "1e3397039c49aa22"]]]]],
    ["libs",
     [["import dynlibs", "00000000000006bb"],
      ["package external libraries", "00000000000006bb"],
      ["module dynlibs", "00000000000006bb"],
      ["module plugins", "00000000000006bb"]]]]],
  ["Lean 4.28.0, commit 7e01a1bf5c70fc6167d49c345d3bf80596e9a79b",
   "a96bc04a2e5e9630"],
  ["/Users/mdouglas/Documents/GitHub/GFF/GFF.lean", "60106cf74315c82c"],
  ["options", [["-Dpp.unicode.fun=true", "9b94070140457fab"]]],
  ["Module.leanArgs: #[]", "00000000000006bb"]],
 "depHash": "bb66438ebeadc0f4"}